This is pdfTeX, Version 3.14159265-2.6-1.40.16 (TeX Live 2015/Debian) (preloaded format=pdflatex 2017.11.20)  15 JAN 2018 01:39
entering extended mode
 restricted \write18 enabled.
 %&-line parsing enabled.
**Report_Assignment2.tex
(./Report_Assignment2.tex
LaTeX2e <2016/02/01>
Babel <3.9q> and hyphenation patterns for 3 language(s) loaded.
(/usr/share/texlive/texmf-dist/tex/latex/base/article.cls
Document Class: article 2014/09/29 v1.4h Standard LaTeX document class
(/usr/share/texlive/texmf-dist/tex/latex/base/size10.clo
File: size10.clo 2014/09/29 v1.4h Standard LaTeX file (size option)
)
\c@part=\count79
\c@section=\count80
\c@subsection=\count81
\c@subsubsection=\count82
\c@paragraph=\count83
\c@subparagraph=\count84
\c@figure=\count85
\c@table=\count86
\abovecaptionskip=\skip41
\belowcaptionskip=\skip42
\bibindent=\dimen102
)
(/usr/share/texlive/texmf-dist/tex/latex/amsmath/amsmath.sty
Package: amsmath 2016/03/03 v2.15a AMS math features
\@mathmargin=\skip43

For additional information on amsmath, use the `?' option.
(/usr/share/texlive/texmf-dist/tex/latex/amsmath/amstext.sty
Package: amstext 2000/06/29 v2.01 AMS text

(/usr/share/texlive/texmf-dist/tex/latex/amsmath/amsgen.sty
File: amsgen.sty 1999/11/30 v2.0 generic functions
\@emptytoks=\toks14
\ex@=\dimen103
))
(/usr/share/texlive/texmf-dist/tex/latex/amsmath/amsbsy.sty
Package: amsbsy 1999/11/29 v1.2d Bold Symbols
\pmbraise@=\dimen104
)
(/usr/share/texlive/texmf-dist/tex/latex/amsmath/amsopn.sty
Package: amsopn 1999/12/14 v2.01 operator names
)
\inf@bad=\count87
LaTeX Info: Redefining \frac on input line 199.
\uproot@=\count88
\leftroot@=\count89
LaTeX Info: Redefining \overline on input line 297.
\classnum@=\count90
\DOTSCASE@=\count91
LaTeX Info: Redefining \ldots on input line 394.
LaTeX Info: Redefining \dots on input line 397.
LaTeX Info: Redefining \cdots on input line 518.
\Mathstrutbox@=\box26
\strutbox@=\box27
\big@size=\dimen105
LaTeX Font Info:    Redeclaring font encoding OML on input line 630.
LaTeX Font Info:    Redeclaring font encoding OMS on input line 631.
\macc@depth=\count92
\c@MaxMatrixCols=\count93
\dotsspace@=\muskip10
\c@parentequation=\count94
\dspbrk@lvl=\count95
\tag@help=\toks15
\row@=\count96
\column@=\count97
\maxfields@=\count98
\andhelp@=\toks16
\eqnshift@=\dimen106
\alignsep@=\dimen107
\tagshift@=\dimen108
\tagwidth@=\dimen109
\totwidth@=\dimen110
\lineht@=\dimen111
\@envbody=\toks17
\multlinegap=\skip44
\multlinetaggap=\skip45
\mathdisplay@stack=\toks18
LaTeX Info: Redefining \[ on input line 2735.
LaTeX Info: Redefining \] on input line 2736.
)
(/usr/share/texlive/texmf-dist/tex/latex/graphics/graphicx.sty
Package: graphicx 2014/10/28 v1.0g Enhanced LaTeX Graphics (DPC,SPQR)

(/usr/share/texlive/texmf-dist/tex/latex/graphics/keyval.sty
Package: keyval 2014/10/28 v1.15 key=value parser (DPC)
\KV@toks@=\toks19
)
(/usr/share/texlive/texmf-dist/tex/latex/graphics/graphics.sty
Package: graphics 2016/01/03 v1.0q Standard LaTeX Graphics (DPC,SPQR)

(/usr/share/texlive/texmf-dist/tex/latex/graphics/trig.sty
Package: trig 2016/01/03 v1.10 sin cos tan (DPC)
)
(/usr/share/texlive/texmf-dist/tex/latex/latexconfig/graphics.cfg
File: graphics.cfg 2010/04/23 v1.9 graphics configuration of TeX Live
)
Package graphics Info: Driver file: pdftex.def on input line 95.

(/usr/share/texlive/texmf-dist/tex/latex/pdftex-def/pdftex.def
File: pdftex.def 2011/05/27 v0.06d Graphics/color for pdfTeX

(/usr/share/texlive/texmf-dist/tex/generic/oberdiek/infwarerr.sty
Package: infwarerr 2010/04/08 v1.3 Providing info/warning/error messages (HO)
)
(/usr/share/texlive/texmf-dist/tex/generic/oberdiek/ltxcmds.sty
Package: ltxcmds 2011/11/09 v1.22 LaTeX kernel commands for general use (HO)
)
\Gread@gobject=\count99
))
\Gin@req@height=\dimen112
\Gin@req@width=\dimen113
)
(/usr/share/texlive/texmf-dist/tex/latex/caption/caption.sty
Package: caption 2016/02/21 v3.3-144 Customizing captions (AR)

(/usr/share/texlive/texmf-dist/tex/latex/caption/caption3.sty
Package: caption3 2016/02/04 v1.7-139 caption3 kernel (AR)
Package caption3 Info: TeX engine: e-TeX on input line 67.
\captionmargin=\dimen114
\captionmargin@=\dimen115
\captionwidth=\dimen116
\caption@tempdima=\dimen117
\caption@indent=\dimen118
\caption@parindent=\dimen119
\caption@hangindent=\dimen120
)
\c@ContinuedFloat=\count100
)
(/usr/share/texlive/texmf-dist/tex/latex/caption/subcaption.sty
Package: subcaption 2016/02/20 v1.1-142 Sub-captions (AR)
\c@subfigure=\count101
\c@subtable=\count102
)
(/usr/share/texlive/texmf-dist/tex/latex/float/float.sty
Package: float 2001/11/08 v1.3d Float enhancements (AL)
\c@float@type=\count103
\float@exts=\toks20
\float@box=\box28
\@float@everytoks=\toks21
\@floatcapt=\box29
)
(./Report_Assignment2.aux)
\openout1 = `Report_Assignment2.aux'.

LaTeX Font Info:    Checking defaults for OML/cmm/m/it on input line 15.
LaTeX Font Info:    ... okay on input line 15.
LaTeX Font Info:    Checking defaults for T1/cmr/m/n on input line 15.
LaTeX Font Info:    ... okay on input line 15.
LaTeX Font Info:    Checking defaults for OT1/cmr/m/n on input line 15.
LaTeX Font Info:    ... okay on input line 15.
LaTeX Font Info:    Checking defaults for OMS/cmsy/m/n on input line 15.
LaTeX Font Info:    ... okay on input line 15.
LaTeX Font Info:    Checking defaults for OMX/cmex/m/n on input line 15.
LaTeX Font Info:    ... okay on input line 15.
LaTeX Font Info:    Checking defaults for U/cmr/m/n on input line 15.
LaTeX Font Info:    ... okay on input line 15.

(/usr/share/texlive/texmf-dist/tex/context/base/supp-pdf.mkii
[Loading MPS to PDF converter (version 2006.09.02).]
\scratchcounter=\count104
\scratchdimen=\dimen121
\scratchbox=\box30
\nofMPsegments=\count105
\nofMParguments=\count106
\everyMPshowfont=\toks22
\MPscratchCnt=\count107
\MPscratchDim=\dimen122
\MPnumerator=\count108
\makeMPintoPDFobject=\count109
\everyMPtoPDFconversion=\toks23
) (/usr/share/texlive/texmf-dist/tex/generic/oberdiek/pdftexcmds.sty
Package: pdftexcmds 2011/11/29 v0.20 Utility functions of pdfTeX for LuaTeX (HO
)

(/usr/share/texlive/texmf-dist/tex/generic/oberdiek/ifluatex.sty
Package: ifluatex 2010/03/01 v1.3 Provides the ifluatex switch (HO)
Package ifluatex Info: LuaTeX not detected.
)
(/usr/share/texlive/texmf-dist/tex/generic/oberdiek/ifpdf.sty
Package: ifpdf 2011/01/30 v2.3 Provides the ifpdf switch (HO)
Package ifpdf Info: pdfTeX in PDF mode is detected.
)
Package pdftexcmds Info: LuaTeX not detected.
Package pdftexcmds Info: \pdf@primitive is available.
Package pdftexcmds Info: \pdf@ifprimitive is available.
Package pdftexcmds Info: \pdfdraftmode found.
)
(/usr/share/texlive/texmf-dist/tex/latex/oberdiek/epstopdf-base.sty
Package: epstopdf-base 2010/02/09 v2.5 Base part for package epstopdf

(/usr/share/texlive/texmf-dist/tex/latex/oberdiek/grfext.sty
Package: grfext 2010/08/19 v1.1 Manage graphics extensions (HO)

(/usr/share/texlive/texmf-dist/tex/generic/oberdiek/kvdefinekeys.sty
Package: kvdefinekeys 2011/04/07 v1.3 Define keys (HO)
))
(/usr/share/texlive/texmf-dist/tex/latex/oberdiek/kvoptions.sty
Package: kvoptions 2011/06/30 v3.11 Key value format for package options (HO)

(/usr/share/texlive/texmf-dist/tex/generic/oberdiek/kvsetkeys.sty
Package: kvsetkeys 2012/04/25 v1.16 Key value parser (HO)

(/usr/share/texlive/texmf-dist/tex/generic/oberdiek/etexcmds.sty
Package: etexcmds 2011/02/16 v1.5 Avoid name clashes with e-TeX commands (HO)
Package etexcmds Info: Could not find \expanded.
(etexcmds)             That can mean that you are not using pdfTeX 1.50 or
(etexcmds)             that some package has redefined \expanded.
(etexcmds)             In the latter case, load this package earlier.
)))
Package grfext Info: Graphics extension search list:
(grfext)             [.png,.pdf,.jpg,.mps,.jpeg,.jbig2,.jb2,.PNG,.PDF,.JPG,.JPE
G,.JBIG2,.JB2,.eps]
(grfext)             \AppendGraphicsExtensions on input line 452.

(/usr/share/texlive/texmf-dist/tex/latex/latexconfig/epstopdf-sys.cfg
File: epstopdf-sys.cfg 2010/07/13 v1.3 Configuration of (r)epstopdf for TeX Liv
e
))
Package caption Info: Begin \AtBeginDocument code.
Package caption Info: float package is loaded.
Package caption Info: End \AtBeginDocument code.

[1

{/var/lib/texmf/fonts/map/pdftex/updmap/pdftex.map}] [2]
Missing character: There is no Ô in font cmr10!
Missing character: There is no ¨ in font cmr10!
Missing character: There is no Å in font cmr10!
 [3] [4]
<task1/SIS_N_10000_T_500.jpeg, id=27, 614.295pt x 614.295pt>
File: task1/SIS_N_10000_T_500.jpeg Graphic file (type jpg)

<use task1/SIS_N_10000_T_500.jpeg>
Package pdftex.def Info: task1/SIS_N_10000_T_500.jpeg used on input line 126.
(pdftex.def)             Requested size: 345.0pt x 345.0058pt.
 [5] [6 <./task1/SIS_N_10000_T_500.jpeg>]
<task1/SIR_N_1000_T_500.jpeg, id=35, 614.295pt x 614.295pt>
File: task1/SIR_N_1000_T_500.jpeg Graphic file (type jpg)

<use task1/SIR_N_1000_T_500.jpeg>
Package pdftex.def Info: task1/SIR_N_1000_T_500.jpeg used on input line 158.
(pdftex.def)             Requested size: 345.0pt x 345.0058pt.
 [7]
<task1/SIS_N_1000_T_500.jpeg, id=40, 614.295pt x 614.295pt>
File: task1/SIS_N_1000_T_500.jpeg Graphic file (type jpg)

<use task1/SIS_N_1000_T_500.jpeg>
Package pdftex.def Info: task1/SIS_N_1000_T_500.jpeg used on input line 165.
(pdftex.def)             Requested size: 137.9979pt x 137.99481pt.
File: task1/SIR_N_1000_T_500.jpeg Graphic file (type jpg)
 <use task1/SIR_N_1000_T_500.jpeg>
Package pdftex.def Info: task1/SIR_N_1000_T_500.jpeg used on input line 166.
(pdftex.def)             Requested size: 137.9979pt x 137.99481pt.

<task1/SIS_N_500_T_500.jpeg, id=41, 614.295pt x 614.295pt>
File: task1/SIS_N_500_T_500.jpeg Graphic file (type jpg)

<use task1/SIS_N_500_T_500.jpeg>
Package pdftex.def Info: task1/SIS_N_500_T_500.jpeg used on input line 168.
(pdftex.def)             Requested size: 137.9979pt x 137.99481pt.

<task1/SIR_N_500_T_500.jpeg, id=42, 614.295pt x 614.295pt>
File: task1/SIR_N_500_T_500.jpeg Graphic file (type jpg)

<use task1/SIR_N_500_T_500.jpeg>
Package pdftex.def Info: task1/SIR_N_500_T_500.jpeg used on input line 169.
(pdftex.def)             Requested size: 137.9979pt x 137.99481pt.

<task1/SIS_N_1000_T_300.jpeg, id=43, 614.295pt x 614.295pt>
File: task1/SIS_N_1000_T_300.jpeg Graphic file (type jpg)

<use task1/SIS_N_1000_T_300.jpeg>
Package pdftex.def Info: task1/SIS_N_1000_T_300.jpeg used on input line 171.
(pdftex.def)             Requested size: 137.9979pt x 137.99481pt.

<task1/SIR_N_1000_T_300.jpeg, id=44, 614.295pt x 614.295pt>
File: task1/SIR_N_1000_T_300.jpeg Graphic file (type jpg)

<use task1/SIR_N_1000_T_300.jpeg>
Package pdftex.def Info: task1/SIR_N_1000_T_300.jpeg used on input line 172.
(pdftex.def)             Requested size: 137.9979pt x 137.99481pt.
 [8 <./task1/SIR_N_1000_T_500.jpeg>] [9 <./task1/SIS_N_1000_T_500.jpeg> <./task
1/SIS_N_500_T_500.jpeg> <./task1/SIR_N_500_T_500.jpeg> <./task1/SIS_N_1000_T_30
0.jpeg> <./task1/SIR_N_1000_T_300.jpeg>]
[10] [11] [12] [13] [14]
Overfull \hbox (13.59744pt too wide) detected at line 434
\OML/cmm/m/it/10 C[] \OMS/cmsy/m/n/10 ^^C \OML/cmm/m/it/10 exp[] \OMS/cmsy/m/n/
10 ^^@ \OML/cmm/m/it/10 C[] \OMS/cmsy/m/n/10 ^^C \OML/cmm/m/it/10 exp\OMS/cmsy/
m/n/10 f^^@\OT1/cmr/m/n/10 (\OML/cmm/m/it/10 x[] \OMS/cmsy/m/n/10 ^^@ \OML/cmm/
m/it/10 ^^N\OT1/cmr/m/n/10 )\OMS/cmsy/m/n/10 g ^^@ [][] \OT1/cmr/m/n/10 = \OML/
cmm/m/it/10 C[] \OMS/cmsy/m/n/10 ^^C \OML/cmm/m/it/10 exp[] \OMS/cmsy/m/n/10 ^^
@ \OML/cmm/m/it/10 C[] \OMS/cmsy/m/n/10 ^^C \OML/cmm/m/it/10 exp\OMS/cmsy/m/n/1
0 f^^@\OT1/cmr/m/n/10 (\OML/cmm/m/it/10 x[] \OT1/cmr/m/n/10 + \OML/cmm/m/it/10 
^^N\OT1/cmr/m/n/10 )\OMS/cmsy/m/n/10 g ^^@ [][]
 []

[15] <task2/figures/T_2_2/Q1/plt_x0.png, id=73, 433.62pt x 289.08pt>
File: task2/figures/T_2_2/Q1/plt_x0.png Graphic file (type png)

<use task2/figures/T_2_2/Q1/plt_x0.png>
Package pdftex.def Info: task2/figures/T_2_2/Q1/plt_x0.png used on input line 4
67.
(pdftex.def)             Requested size: 137.9979pt x 92.00021pt.

<task2/figures/T_2_2/Q1/plt_x1.png, id=75, 433.62pt x 289.08pt>
File: task2/figures/T_2_2/Q1/plt_x1.png Graphic file (type png)

<use task2/figures/T_2_2/Q1/plt_x1.png>
Package pdftex.def Info: task2/figures/T_2_2/Q1/plt_x1.png used on input line 4
68.
(pdftex.def)             Requested size: 137.9979pt x 92.00021pt.

<task2/figures/T_2_2/Q1/plt_x2.png, id=76, 433.62pt x 289.08pt>
File: task2/figures/T_2_2/Q1/plt_x2.png Graphic file (type png)

<use task2/figures/T_2_2/Q1/plt_x2.png>
Package pdftex.def Info: task2/figures/T_2_2/Q1/plt_x2.png used on input line 4
77.
(pdftex.def)             Requested size: 137.9979pt x 92.00021pt.

<task2/figures/T_2_2/Q1/plt_x3.png, id=77, 433.62pt x 289.08pt>
File: task2/figures/T_2_2/Q1/plt_x3.png Graphic file (type png)

<use task2/figures/T_2_2/Q1/plt_x3.png>
Package pdftex.def Info: task2/figures/T_2_2/Q1/plt_x3.png used on input line 4
78.
(pdftex.def)             Requested size: 137.9979pt x 92.00021pt.
 [16 <./task2/figures/T_2_2/Q1/plt_x0.png> <./task2/figures/T_2_2/Q1/plt_x1.png
>]
<task2/figures/T_2_2/Q1/plt_x4.png, id=83, 433.62pt x 289.08pt>
File: task2/figures/T_2_2/Q1/plt_x4.png Graphic file (type png)

<use task2/figures/T_2_2/Q1/plt_x4.png>
Package pdftex.def Info: task2/figures/T_2_2/Q1/plt_x4.png used on input line 4
86.
(pdftex.def)             Requested size: 137.9979pt x 92.00021pt.

<task2/figures/T_2_2/Q1/plt_x5.png, id=84, 433.62pt x 289.08pt>
File: task2/figures/T_2_2/Q1/plt_x5.png Graphic file (type png)

<use task2/figures/T_2_2/Q1/plt_x5.png>
Package pdftex.def Info: task2/figures/T_2_2/Q1/plt_x5.png used on input line 4
87.
(pdftex.def)             Requested size: 137.9979pt x 92.00021pt.

<task2/figures/T_2_2/Q1/plt_x6.png, id=85, 433.62pt x 289.08pt>
File: task2/figures/T_2_2/Q1/plt_x6.png Graphic file (type png)

<use task2/figures/T_2_2/Q1/plt_x6.png>
Package pdftex.def Info: task2/figures/T_2_2/Q1/plt_x6.png used on input line 4
95.
(pdftex.def)             Requested size: 137.9979pt x 92.00021pt.

<task2/figures/T_2_2/Q1/plt_x7.png, id=86, 433.62pt x 289.08pt>
File: task2/figures/T_2_2/Q1/plt_x7.png Graphic file (type png)

<use task2/figures/T_2_2/Q1/plt_x7.png>
Package pdftex.def Info: task2/figures/T_2_2/Q1/plt_x7.png used on input line 4
96.
(pdftex.def)             Requested size: 137.9979pt x 92.00021pt.

<task2/figures/T_2_2/Q1/plt_x8.png, id=87, 433.62pt x 289.08pt>
File: task2/figures/T_2_2/Q1/plt_x8.png Graphic file (type png)

<use task2/figures/T_2_2/Q1/plt_x8.png>
Package pdftex.def Info: task2/figures/T_2_2/Q1/plt_x8.png used on input line 5
04.
(pdftex.def)             Requested size: 137.9979pt x 92.00021pt.

<task2/figures/T_2_2/Q1/plt_x9.png, id=88, 433.62pt x 289.08pt>
File: task2/figures/T_2_2/Q1/plt_x9.png Graphic file (type png)

<use task2/figures/T_2_2/Q1/plt_x9.png>
Package pdftex.def Info: task2/figures/T_2_2/Q1/plt_x9.png used on input line 5
05.
(pdftex.def)             Requested size: 137.9979pt x 92.00021pt.
 [17 <./task2/figures/T_2_2/Q1/plt_x2.png> <./task2/figures/T_2_2/Q1/plt_x3.png
> <./task2/figures/T_2_2/Q1/plt_x4.png> <./task2/figures/T_2_2/Q1/plt_x5.png> <
./task2/figures/T_2_2/Q1/plt_x6.png> <./task2/figures/T_2_2/Q1/plt_x7.png>]
<task2/figures/T_2_2/Q1/plt_x10.png, id=98, 433.62pt x 289.08pt>
File: task2/figures/T_2_2/Q1/plt_x10.png Graphic file (type png)

<use task2/figures/T_2_2/Q1/plt_x10.png>
Package pdftex.def Info: task2/figures/T_2_2/Q1/plt_x10.png used on input line 
513.
(pdftex.def)             Requested size: 137.9979pt x 92.00021pt.

<task2/figures/T_2_2/Q1/plt_x_all.png, id=99, 433.62pt x 289.08pt>
File: task2/figures/T_2_2/Q1/plt_x_all.png Graphic file (type png)

<use task2/figures/T_2_2/Q1/plt_x_all.png>
Package pdftex.def Info: task2/figures/T_2_2/Q1/plt_x_all.png used on input lin
e 514.
(pdftex.def)             Requested size: 137.9979pt x 92.00021pt.

<task2/figures/T_2_2/Q2/plt_beta.png, id=100, 433.62pt x 289.08pt>
File: task2/figures/T_2_2/Q2/plt_beta.png Graphic file (type png)

<use task2/figures/T_2_2/Q2/plt_beta.png>
Package pdftex.def Info: task2/figures/T_2_2/Q2/plt_beta.png used on input line
 541.
(pdftex.def)             Requested size: 137.9979pt x 92.00021pt.

<task2/figures/T_2_2/Q2/plt_sigma.png, id=101, 433.62pt x 289.08pt>
File: task2/figures/T_2_2/Q2/plt_sigma.png Graphic file (type png)

<use task2/figures/T_2_2/Q2/plt_sigma.png>
Package pdftex.def Info: task2/figures/T_2_2/Q2/plt_sigma.png used on input lin
e 542.
(pdftex.def)             Requested size: 137.9979pt x 92.00021pt.
 [18 <./task2/figures/T_2_2/Q1/plt_x8.png> <./task2/figures/T_2_2/Q1/plt_x9.png
> <./task2/figures/T_2_2/Q1/plt_x10.png> <./task2/figures/T_2_2/Q1/plt_x_all.pn
g>]
<task2/figures/T_2_2/Q2/plt_x0.png, id=109, 433.62pt x 289.08pt>
File: task2/figures/T_2_2/Q2/plt_x0.png Graphic file (type png)

<use task2/figures/T_2_2/Q2/plt_x0.png>
Package pdftex.def Info: task2/figures/T_2_2/Q2/plt_x0.png used on input line 5
50.
(pdftex.def)             Requested size: 137.9979pt x 92.00021pt.

<task2/figures/T_2_2/Q2/plt_x1.png, id=110, 433.62pt x 289.08pt>
File: task2/figures/T_2_2/Q2/plt_x1.png Graphic file (type png)

<use task2/figures/T_2_2/Q2/plt_x1.png>
Package pdftex.def Info: task2/figures/T_2_2/Q2/plt_x1.png used on input line 5
51.
(pdftex.def)             Requested size: 137.9979pt x 92.00021pt.

<task2/figures/T_2_2/Q2/plt_x2.png, id=111, 433.62pt x 289.08pt>
File: task2/figures/T_2_2/Q2/plt_x2.png Graphic file (type png)

<use task2/figures/T_2_2/Q2/plt_x2.png>
Package pdftex.def Info: task2/figures/T_2_2/Q2/plt_x2.png used on input line 5
59.
(pdftex.def)             Requested size: 137.9979pt x 92.00021pt.

<task2/figures/T_2_2/Q2/plt_x3.png, id=112, 433.62pt x 289.08pt>
File: task2/figures/T_2_2/Q2/plt_x3.png Graphic file (type png)

<use task2/figures/T_2_2/Q2/plt_x3.png>
Package pdftex.def Info: task2/figures/T_2_2/Q2/plt_x3.png used on input line 5
60.
(pdftex.def)             Requested size: 137.9979pt x 92.00021pt.

<task2/figures/T_2_2/Q2/plt_x4.png, id=113, 433.62pt x 289.08pt>
File: task2/figures/T_2_2/Q2/plt_x4.png Graphic file (type png)

<use task2/figures/T_2_2/Q2/plt_x4.png>
Package pdftex.def Info: task2/figures/T_2_2/Q2/plt_x4.png used on input line 5
68.
(pdftex.def)             Requested size: 137.9979pt x 92.00021pt.

<task2/figures/T_2_2/Q2/plt_x5.png, id=114, 433.62pt x 289.08pt>
File: task2/figures/T_2_2/Q2/plt_x5.png Graphic file (type png)

<use task2/figures/T_2_2/Q2/plt_x5.png>
Package pdftex.def Info: task2/figures/T_2_2/Q2/plt_x5.png used on input line 5
69.
(pdftex.def)             Requested size: 137.9979pt x 92.00021pt.

<task2/figures/T_2_2/Q2/plt_x6.png, id=115, 433.62pt x 289.08pt>
File: task2/figures/T_2_2/Q2/plt_x6.png Graphic file (type png)

<use task2/figures/T_2_2/Q2/plt_x6.png>
Package pdftex.def Info: task2/figures/T_2_2/Q2/plt_x6.png used on input line 5
77.
(pdftex.def)             Requested size: 137.9979pt x 92.00021pt.

<task2/figures/T_2_2/Q2/plt_x7.png, id=116, 433.62pt x 289.08pt>
File: task2/figures/T_2_2/Q2/plt_x7.png Graphic file (type png)

<use task2/figures/T_2_2/Q2/plt_x7.png>
Package pdftex.def Info: task2/figures/T_2_2/Q2/plt_x7.png used on input line 5
78.
(pdftex.def)             Requested size: 137.9979pt x 92.00021pt.
 [19 <./task2/figures/T_2_2/Q2/plt_beta.png> <./task2/figures/T_2_2/Q2/plt_sigm
a.png> <./task2/figures/T_2_2/Q2/plt_x0.png> <./task2/figures/T_2_2/Q2/plt_x1.p
ng> <./task2/figures/T_2_2/Q2/plt_x2.png> <./task2/figures/T_2_2/Q2/plt_x3.png>
]
<task2/figures/T_2_2/Q2/plt_x8.png, id=127, 433.62pt x 289.08pt>
File: task2/figures/T_2_2/Q2/plt_x8.png Graphic file (type png)

<use task2/figures/T_2_2/Q2/plt_x8.png>
Package pdftex.def Info: task2/figures/T_2_2/Q2/plt_x8.png used on input line 5
86.
(pdftex.def)             Requested size: 137.9979pt x 92.00021pt.

<task2/figures/T_2_2/Q2/plt_x9.png, id=128, 433.62pt x 289.08pt>
File: task2/figures/T_2_2/Q2/plt_x9.png Graphic file (type png)

<use task2/figures/T_2_2/Q2/plt_x9.png>
Package pdftex.def Info: task2/figures/T_2_2/Q2/plt_x9.png used on input line 5
87.
(pdftex.def)             Requested size: 137.9979pt x 92.00021pt.

<task2/figures/T_2_2/Q2/plt_x10.png, id=129, 433.62pt x 289.08pt>
File: task2/figures/T_2_2/Q2/plt_x10.png Graphic file (type png)

<use task2/figures/T_2_2/Q2/plt_x10.png>
Package pdftex.def Info: task2/figures/T_2_2/Q2/plt_x10.png used on input line 
595.
(pdftex.def)             Requested size: 137.9979pt x 92.00021pt.

<task2/figures/T_2_2/Q2/plt_x_all.png, id=130, 433.62pt x 289.08pt>
File: task2/figures/T_2_2/Q2/plt_x_all.png Graphic file (type png)

<use task2/figures/T_2_2/Q2/plt_x_all.png>
Package pdftex.def Info: task2/figures/T_2_2/Q2/plt_x_all.png used on input lin
e 596.
(pdftex.def)             Requested size: 137.9979pt x 92.00021pt.
 [20 <./task2/figures/T_2_2/Q2/plt_x4.png> <./task2/figures/T_2_2/Q2/plt_x5.png
> <./task2/figures/T_2_2/Q2/plt_x6.png> <./task2/figures/T_2_2/Q2/plt_x7.png> <
./task2/figures/T_2_2/Q2/plt_x8.png> <./task2/figures/T_2_2/Q2/plt_x9.png>] [21
 <./task2/figures/T_2_2/Q2/plt_x10.png> <./task2/figures/T_2_2/Q2/plt_x_all.png
>] [22]
<task3/V_6_T_6_N_1000.png, id=148, 462.528pt x 346.896pt>
File: task3/V_6_T_6_N_1000.png Graphic file (type png)

<use task3/V_6_T_6_N_1000.png>
Package pdftex.def Info: task3/V_6_T_6_N_1000.png used on input line 655.
(pdftex.def)             Requested size: 265.55629pt x 199.16928pt.
 [23]
<task3/V_6_T_6_N_1000_Node1.png, id=153, 462.528pt x 346.896pt>
File: task3/V_6_T_6_N_1000_Node1.png Graphic file (type png)

<use task3/V_6_T_6_N_1000_Node1.png>
Package pdftex.def Info: task3/V_6_T_6_N_1000_Node1.png used on input line 674.

(pdftex.def)             Requested size: 257.96938pt x 193.47882pt.
 [24 <./task3/V_6_T_6_N_1000.png> <./task3/V_6_T_6_N_1000_Node1.png>]
<task3/V_6_T_6_N_10000.png, id=159, 462.528pt x 346.896pt>
File: task3/V_6_T_6_N_10000.png Graphic file (type png)

<use task3/V_6_T_6_N_10000.png>
Package pdftex.def Info: task3/V_6_T_6_N_10000.png used on input line 678.
(pdftex.def)             Requested size: 265.55629pt x 199.16928pt.

<task3/V_6_T_6_N_10000_Gibbs.png, id=160, 925.056pt x 450.2421pt>
File: task3/V_6_T_6_N_10000_Gibbs.png Graphic file (type png)

<use task3/V_6_T_6_N_10000_Gibbs.png>
Package pdftex.def Info: task3/V_6_T_6_N_10000_Gibbs.png used on input line 708
.
(pdftex.def)             Requested size: 345.0pt x 167.91977pt.
 [25 <./task3/V_6_T_6_N_10000.png>]
<task3/V_6_T_6_N_10000_Blocked_Gibbs.png, id=166, 462.528pt x 346.896pt>
File: task3/V_6_T_6_N_10000_Blocked_Gibbs.png Graphic file (type png)

<use task3/V_6_T_6_N_10000_Blocked_Gibbs.png>
Package pdftex.def Info: task3/V_6_T_6_N_10000_Blocked_Gibbs.png used on input 
line 718.
(pdftex.def)             Requested size: 227.6217pt x 170.71652pt.
 [26 <./task3/V_6_T_6_N_10000_Gibbs.png> <./task3/V_6_T_6_N_10000_Blocked_Gibbs
.png>] [27]
Overfull \hbox (53.60657pt too wide) detected at line 779
\OML/cmm/m/it/10 p\OT1/cmr/m/n/10 (\OML/cmm/m/it/10 D[] \OMS/cmsy/m/n/10 j \OML
/cmm/m/it/10 R\OT1/cmr/m/n/10 ) = [] [] []
 []

[28]
Overfull \hbox (46.34901pt too wide) detected at line 783
\OML/cmm/m/it/10 p\OT1/cmr/m/n/10 (\OML/cmm/m/it/10 D[] \OMS/cmsy/m/n/10 j \OML
/cmm/m/it/10 R\OT1/cmr/m/n/10 ) = [] [] []
 []

<task4/figures/T_2_4/Q2/convergence_pos0.png, id=178, 1156.32pt x 867.24pt>
File: task4/figures/T_2_4/Q2/convergence_pos0.png Graphic file (type png)

<use task4/figures/T_2_4/Q2/convergence_pos0.png>
Package pdftex.def Info: task4/figures/T_2_4/Q2/convergence_pos0.png used on in
put line 814.
(pdftex.def)             Requested size: 241.49895pt x 181.12007pt.
 [29]
<task4/figures/T_2_4/Q2/convergence_pos1.png, id=182, 1156.32pt x 867.24pt>
File: task4/figures/T_2_4/Q2/convergence_pos1.png Graphic file (type png)

<use task4/figures/T_2_4/Q2/convergence_pos1.png>
Package pdftex.def Info: task4/figures/T_2_4/Q2/convergence_pos1.png used on in
put line 822.
(pdftex.def)             Requested size: 241.49895pt x 181.12007pt.

<task4/figures/T_2_4/Q2/convergence_pos2.png, id=183, 1156.32pt x 867.24pt>
File: task4/figures/T_2_4/Q2/convergence_pos2.png Graphic file (type png)

<use task4/figures/T_2_4/Q2/convergence_pos2.png>
Package pdftex.def Info: task4/figures/T_2_4/Q2/convergence_pos2.png used on in
put line 830.
(pdftex.def)             Requested size: 241.49895pt x 181.12007pt.
 [30 <./task4/figures/T_2_4/Q2/convergence_pos0.png> <./task4/figures/T_2_4/Q2/
convergence_pos1.png>]
<task4/figures/T_2_4/Q2/convergence_pos3.png, id=189, 1156.32pt x 867.24pt>
File: task4/figures/T_2_4/Q2/convergence_pos3.png Graphic file (type png)

<use task4/figures/T_2_4/Q2/convergence_pos3.png>
Package pdftex.def Info: task4/figures/T_2_4/Q2/convergence_pos3.png used on in
put line 838.
(pdftex.def)             Requested size: 241.49895pt x 181.12007pt.

<task4/figures/T_2_4/Q2/convergence_pos4.png, id=190, 1156.32pt x 867.24pt>
File: task4/figures/T_2_4/Q2/convergence_pos4.png Graphic file (type png)

<use task4/figures/T_2_4/Q2/convergence_pos4.png>
Package pdftex.def Info: task4/figures/T_2_4/Q2/convergence_pos4.png used on in
put line 846.
(pdftex.def)             Requested size: 241.49895pt x 181.12007pt.
 [31 <./task4/figures/T_2_4/Q2/convergence_pos2.png> <./task4/figures/T_2_4/Q2/
convergence_pos3.png>]
<task4/figures/T_2_4/Q2/convergence_pos5.png, id=197, 1156.32pt x 867.24pt>
File: task4/figures/T_2_4/Q2/convergence_pos5.png Graphic file (type png)

<use task4/figures/T_2_4/Q2/convergence_pos5.png>
Package pdftex.def Info: task4/figures/T_2_4/Q2/convergence_pos5.png used on in
put line 854.
(pdftex.def)             Requested size: 241.49895pt x 181.12007pt.

<task4/figures/T_2_4/Q2/convergence_pos6.png, id=198, 1156.32pt x 867.24pt>
File: task4/figures/T_2_4/Q2/convergence_pos6.png Graphic file (type png)

<use task4/figures/T_2_4/Q2/convergence_pos6.png>
Package pdftex.def Info: task4/figures/T_2_4/Q2/convergence_pos6.png used on in
put line 862.
(pdftex.def)             Requested size: 241.49895pt x 181.12007pt.
 [32 <./task4/figures/T_2_4/Q2/convergence_pos4.png> <./task4/figures/T_2_4/Q2/
convergence_pos5.png>]
<task4/figures/T_2_4/Q2/convergence_pos7.png, id=204, 1156.32pt x 867.24pt>
File: task4/figures/T_2_4/Q2/convergence_pos7.png Graphic file (type png)

<use task4/figures/T_2_4/Q2/convergence_pos7.png>
Package pdftex.def Info: task4/figures/T_2_4/Q2/convergence_pos7.png used on in
put line 870.
(pdftex.def)             Requested size: 241.49895pt x 181.12007pt.

<task4/figures/T_2_4/Q2/convergence_pos8.png, id=205, 1156.32pt x 867.24pt>
File: task4/figures/T_2_4/Q2/convergence_pos8.png Graphic file (type png)

<use task4/figures/T_2_4/Q2/convergence_pos8.png>
Package pdftex.def Info: task4/figures/T_2_4/Q2/convergence_pos8.png used on in
put line 878.
(pdftex.def)             Requested size: 241.49895pt x 181.12007pt.
 [33 <./task4/figures/T_2_4/Q2/convergence_pos6.png> <./task4/figures/T_2_4/Q2/
convergence_pos7.png>]
<task4/figures/T_2_4/Q2/convergence_pos9.png, id=211, 1156.32pt x 867.24pt>
File: task4/figures/T_2_4/Q2/convergence_pos9.png Graphic file (type png)

<use task4/figures/T_2_4/Q2/convergence_pos9.png>
Package pdftex.def Info: task4/figures/T_2_4/Q2/convergence_pos9.png used on in
put line 886.
(pdftex.def)             Requested size: 241.49895pt x 181.12007pt.
 [34 <./task4/figures/T_2_4/Q2/convergence_pos8.png> <./task4/figures/T_2_4/Q2/
convergence_pos9.png>]
<task4/figures/T_2_4/Q2/distribution_pos0.png, id=217, 1156.32pt x 867.24pt>
File: task4/figures/T_2_4/Q2/distribution_pos0.png Graphic file (type png)

<use task4/figures/T_2_4/Q2/distribution_pos0.png>
Package pdftex.def Info: task4/figures/T_2_4/Q2/distribution_pos0.png used on i
nput line 898.
(pdftex.def)             Requested size: 241.49895pt x 181.12007pt.

<task4/figures/T_2_4/Q2/distribution_pos1.png, id=218, 1156.32pt x 867.24pt>
File: task4/figures/T_2_4/Q2/distribution_pos1.png Graphic file (type png)

<use task4/figures/T_2_4/Q2/distribution_pos1.png>
Package pdftex.def Info: task4/figures/T_2_4/Q2/distribution_pos1.png used on i
nput line 906.
(pdftex.def)             Requested size: 241.49895pt x 181.12007pt.

<task4/figures/T_2_4/Q2/distribution_pos2.png, id=219, 1156.32pt x 867.24pt>
File: task4/figures/T_2_4/Q2/distribution_pos2.png Graphic file (type png)

<use task4/figures/T_2_4/Q2/distribution_pos2.png>
Package pdftex.def Info: task4/figures/T_2_4/Q2/distribution_pos2.png used on i
nput line 914.
(pdftex.def)             Requested size: 241.49895pt x 181.12007pt.
 [35 <./task4/figures/T_2_4/Q2/distribution_pos0.png> <./task4/figures/T_2_4/Q2
/distribution_pos1.png>]
<task4/figures/T_2_4/Q2/distribution_pos3.png, id=225, 1156.32pt x 867.24pt>
File: task4/figures/T_2_4/Q2/distribution_pos3.png Graphic file (type png)

<use task4/figures/T_2_4/Q2/distribution_pos3.png>
Package pdftex.def Info: task4/figures/T_2_4/Q2/distribution_pos3.png used on i
nput line 922.
(pdftex.def)             Requested size: 241.49895pt x 181.12007pt.

<task4/figures/T_2_4/Q2/distribution_pos4.png, id=226, 1156.32pt x 867.24pt>
File: task4/figures/T_2_4/Q2/distribution_pos4.png Graphic file (type png)

<use task4/figures/T_2_4/Q2/distribution_pos4.png>
Package pdftex.def Info: task4/figures/T_2_4/Q2/distribution_pos4.png used on i
nput line 930.
(pdftex.def)             Requested size: 241.49895pt x 181.12007pt.
 [36 <./task4/figures/T_2_4/Q2/distribution_pos2.png> <./task4/figures/T_2_4/Q2
/distribution_pos3.png>]
<task4/figures/T_2_4/Q2/distribution_pos5.png, id=232, 1156.32pt x 867.24pt>
File: task4/figures/T_2_4/Q2/distribution_pos5.png Graphic file (type png)

<use task4/figures/T_2_4/Q2/distribution_pos5.png>
Package pdftex.def Info: task4/figures/T_2_4/Q2/distribution_pos5.png used on i
nput line 938.
(pdftex.def)             Requested size: 241.49895pt x 181.12007pt.

<task4/figures/T_2_4/Q2/distribution_pos6.png, id=233, 1156.32pt x 867.24pt>
File: task4/figures/T_2_4/Q2/distribution_pos6.png Graphic file (type png)

<use task4/figures/T_2_4/Q2/distribution_pos6.png>
Package pdftex.def Info: task4/figures/T_2_4/Q2/distribution_pos6.png used on i
nput line 946.
(pdftex.def)             Requested size: 241.49895pt x 181.12007pt.
 [37 <./task4/figures/T_2_4/Q2/distribution_pos4.png> <./task4/figures/T_2_4/Q2
/distribution_pos5.png>]
<task4/figures/T_2_4/Q2/distribution_pos7.png, id=240, 1156.32pt x 867.24pt>
File: task4/figures/T_2_4/Q2/distribution_pos7.png Graphic file (type png)

<use task4/figures/T_2_4/Q2/distribution_pos7.png>
Package pdftex.def Info: task4/figures/T_2_4/Q2/distribution_pos7.png used on i
nput line 954.
(pdftex.def)             Requested size: 241.49895pt x 181.12007pt.

<task4/figures/T_2_4/Q2/distribution_pos8.png, id=241, 1156.32pt x 867.24pt>
File: task4/figures/T_2_4/Q2/distribution_pos8.png Graphic file (type png)

<use task4/figures/T_2_4/Q2/distribution_pos8.png>
Package pdftex.def Info: task4/figures/T_2_4/Q2/distribution_pos8.png used on i
nput line 962.
(pdftex.def)             Requested size: 241.49895pt x 181.12007pt.
 [38 <./task4/figures/T_2_4/Q2/distribution_pos6.png> <./task4/figures/T_2_4/Q2
/distribution_pos7.png>]
<task4/figures/T_2_4/Q2/distribution_pos9.png, id=247, 1156.32pt x 867.24pt>
File: task4/figures/T_2_4/Q2/distribution_pos9.png Graphic file (type png)

<use task4/figures/T_2_4/Q2/distribution_pos9.png>
Package pdftex.def Info: task4/figures/T_2_4/Q2/distribution_pos9.png used on i
nput line 970.
(pdftex.def)             Requested size: 241.49895pt x 181.12007pt.
 [39 <./task4/figures/T_2_4/Q2/distribution_pos8.png> <./task4/figures/T_2_4/Q2
/distribution_pos9.png>]
<task4/figures/T_2_4/Q2/convergence_epsr.png, id=253, 1156.32pt x 578.16pt>
File: task4/figures/T_2_4/Q2/convergence_epsr.png Graphic file (type png)

<use task4/figures/T_2_4/Q2/convergence_epsr.png>
Package pdftex.def Info: task4/figures/T_2_4/Q2/convergence_epsr.png used on in
put line 984.
(pdftex.def)             Requested size: 345.0pt x 172.49655pt.

<task4/figures/T_2_4/Q2/mse_pos0.png, id=254, 1156.32pt x 578.16pt>
File: task4/figures/T_2_4/Q2/mse_pos0.png Graphic file (type png)

<use task4/figures/T_2_4/Q2/mse_pos0.png>
Package pdftex.def Info: task4/figures/T_2_4/Q2/mse_pos0.png used on input line
 996.
(pdftex.def)             Requested size: 345.0pt x 172.49655pt.

<task4/figures/T_2_4/Q2/mse_pos1.png, id=255, 1156.32pt x 578.16pt>
File: task4/figures/T_2_4/Q2/mse_pos1.png Graphic file (type png)

<use task4/figures/T_2_4/Q2/mse_pos1.png>
Package pdftex.def Info: task4/figures/T_2_4/Q2/mse_pos1.png used on input line
 1004.
(pdftex.def)             Requested size: 345.0pt x 172.49655pt.
 [40 <./task4/figures/T_2_4/Q2/convergence_epsr.png> <./task4/figures/T_2_4/Q2/
mse_pos0.png>]
<task4/figures/T_2_4/Q2/mse_pos2.png, id=261, 1156.32pt x 578.16pt>
File: task4/figures/T_2_4/Q2/mse_pos2.png Graphic file (type png)

<use task4/figures/T_2_4/Q2/mse_pos2.png>
Package pdftex.def Info: task4/figures/T_2_4/Q2/mse_pos2.png used on input line
 1012.
(pdftex.def)             Requested size: 345.0pt x 172.49655pt.

<task4/figures/T_2_4/Q2/mse_pos3.png, id=262, 1156.32pt x 578.16pt>
File: task4/figures/T_2_4/Q2/mse_pos3.png Graphic file (type png)

<use task4/figures/T_2_4/Q2/mse_pos3.png>
Package pdftex.def Info: task4/figures/T_2_4/Q2/mse_pos3.png used on input line
 1020.
(pdftex.def)             Requested size: 345.0pt x 172.49655pt.
 [41 <./task4/figures/T_2_4/Q2/mse_pos1.png> <./task4/figures/T_2_4/Q2/mse_pos2
.png>]
<task4/figures/T_2_4/Q2/mse_pos4.png, id=268, 1156.32pt x 578.16pt>
File: task4/figures/T_2_4/Q2/mse_pos4.png Graphic file (type png)

<use task4/figures/T_2_4/Q2/mse_pos4.png>
Package pdftex.def Info: task4/figures/T_2_4/Q2/mse_pos4.png used on input line
 1028.
(pdftex.def)             Requested size: 345.0pt x 172.49655pt.

<task4/figures/T_2_4/Q2/mse_pos5.png, id=269, 1156.32pt x 578.16pt>
File: task4/figures/T_2_4/Q2/mse_pos5.png Graphic file (type png)

<use task4/figures/T_2_4/Q2/mse_pos5.png>
Package pdftex.def Info: task4/figures/T_2_4/Q2/mse_pos5.png used on input line
 1036.
(pdftex.def)             Requested size: 345.0pt x 172.49655pt.
 [42 <./task4/figures/T_2_4/Q2/mse_pos3.png> <./task4/figures/T_2_4/Q2/mse_pos4
.png>]
<task4/figures/T_2_4/Q2/mse_pos6.png, id=275, 1156.32pt x 578.16pt>
File: task4/figures/T_2_4/Q2/mse_pos6.png Graphic file (type png)

<use task4/figures/T_2_4/Q2/mse_pos6.png>
Package pdftex.def Info: task4/figures/T_2_4/Q2/mse_pos6.png used on input line
 1044.
(pdftex.def)             Requested size: 345.0pt x 172.49655pt.

<task4/figures/T_2_4/Q2/mse_pos7.png, id=276, 1156.32pt x 578.16pt>
File: task4/figures/T_2_4/Q2/mse_pos7.png Graphic file (type png)

<use task4/figures/T_2_4/Q2/mse_pos7.png>
Package pdftex.def Info: task4/figures/T_2_4/Q2/mse_pos7.png used on input line
 1052.
(pdftex.def)             Requested size: 345.0pt x 172.49655pt.
 [43 <./task4/figures/T_2_4/Q2/mse_pos5.png> <./task4/figures/T_2_4/Q2/mse_pos6
.png>]
<task4/figures/T_2_4/Q2/mse_pos8.png, id=283, 1156.32pt x 578.16pt>
File: task4/figures/T_2_4/Q2/mse_pos8.png Graphic file (type png)

<use task4/figures/T_2_4/Q2/mse_pos8.png>
Package pdftex.def Info: task4/figures/T_2_4/Q2/mse_pos8.png used on input line
 1060.
(pdftex.def)             Requested size: 345.0pt x 172.49655pt.

<task4/figures/T_2_4/Q2/mse_pos9.png, id=284, 1156.32pt x 578.16pt>
File: task4/figures/T_2_4/Q2/mse_pos9.png Graphic file (type png)

<use task4/figures/T_2_4/Q2/mse_pos9.png>
Package pdftex.def Info: task4/figures/T_2_4/Q2/mse_pos9.png used on input line
 1068.
(pdftex.def)             Requested size: 345.0pt x 172.49655pt.
 [44 <./task4/figures/T_2_4/Q2/mse_pos7.png> <./task4/figures/T_2_4/Q2/mse_pos8
.png>] [45 <./task4/figures/T_2_4/Q2/mse_pos9.png>] <task5/Gibbs_sigma2.jpeg, i
d=294, 614.295pt x 614.295pt>
File: task5/Gibbs_sigma2.jpeg Graphic file (type jpg)

<use task5/Gibbs_sigma2.jpeg>
Package pdftex.def Info: task5/Gibbs_sigma2.jpeg used on input line 1115.
(pdftex.def)             Requested size: 137.9979pt x 137.99481pt.

<task5/Gibbs_beta2.jpeg, id=295, 614.295pt x 614.295pt>
File: task5/Gibbs_beta2.jpeg Graphic file (type jpg)

<use task5/Gibbs_beta2.jpeg>
Package pdftex.def Info: task5/Gibbs_beta2.jpeg used on input line 1117.
(pdftex.def)             Requested size: 137.9979pt x 137.99481pt.
 [46 <./task5/Gibbs_sigma2.jpeg>]
<task5/CSMC_sigma2.jpeg, id=299, 614.295pt x 614.295pt>
File: task5/CSMC_sigma2.jpeg Graphic file (type jpg)

<use task5/CSMC_sigma2.jpeg>
Package pdftex.def Info: task5/CSMC_sigma2.jpeg used on input line 1148.
(pdftex.def)             Requested size: 137.9979pt x 137.99481pt.

<task5/CSMC_beta2.jpeg, id=300, 614.295pt x 614.295pt>
File: task5/CSMC_beta2.jpeg Graphic file (type jpg)

<use task5/CSMC_beta2.jpeg>
Package pdftex.def Info: task5/CSMC_beta2.jpeg used on input line 1150.
(pdftex.def)             Requested size: 137.9979pt x 137.99481pt.
 [47 <./task5/Gibbs_beta2.jpeg> <./task5/CSMC_sigma2.jpeg>]
Overfull \hbox (9.29825pt too wide) in paragraph at lines 1163--1164
[]\OT1/cmr/m/n/10 Using Gibbs sam-pler, we ob-tain a trace that suits the one o
f an $\OML/cmm/m/it/10 InverseGamma$
 []

<task5/Gibbs_sigma2_convergence.jpeg, id=304, 614.295pt x 614.295pt>
File: task5/Gibbs_sigma2_convergence.jpeg Graphic file (type jpg)

<use task5/Gibbs_sigma2_convergence.jpeg>
Package pdftex.def Info: task5/Gibbs_sigma2_convergence.jpeg used on input line
 1167.
(pdftex.def)             Requested size: 137.9979pt x 137.99481pt.

<task5/Gibbs_beta2_convergence.jpeg, id=305, 614.295pt x 614.295pt>
File: task5/Gibbs_beta2_convergence.jpeg Graphic file (type jpg)

<use task5/Gibbs_beta2_convergence.jpeg>
Package pdftex.def Info: task5/Gibbs_beta2_convergence.jpeg used on input line 
1169.
(pdftex.def)             Requested size: 137.9979pt x 137.99481pt.

<task5/CSMC_sigma2_convergence.jpeg, id=306, 614.295pt x 614.295pt>
File: task5/CSMC_sigma2_convergence.jpeg Graphic file (type jpg)

<use task5/CSMC_sigma2_convergence.jpeg>
Package pdftex.def Info: task5/CSMC_sigma2_convergence.jpeg used on input line 
1178.
(pdftex.def)             Requested size: 137.9979pt x 137.99481pt.

<task5/CSMC_beta2_convergence.jpeg, id=307, 614.295pt x 614.295pt> [48 <./task5
/CSMC_beta2.jpeg> <./task5/Gibbs_sigma2_convergence.jpeg> <./task5/Gibbs_beta2_
convergence.jpeg>]
File: task5/CSMC_beta2_convergence.jpeg Graphic file (type jpg)
 <use task5/CSMC_beta2_convergence.jpeg>
Package pdftex.def Info: task5/CSMC_beta2_convergence.jpeg used on input line 1
180.
(pdftex.def)             Requested size: 137.9979pt x 137.99481pt.
 [49 <./task5/CSMC_sigma2_convergence.jpeg> <./task5/CSMC_beta2_convergence.jpe
g>] [50]
Overfull \hbox (58.06653pt too wide) detected at line 1246
\OML/cmm/m/it/10 p\OT1/cmr/m/n/10 (\OT1/cmr/bx/n/10 b[]\OML/cmm/m/it/10 ; \OT1/
cmr/bx/n/10 b[] \OMS/cmsy/m/n/10 j \OT1/cmr/bx/n/10 d[]\OML/cmm/m/it/10 ; ^^R\O
T1/cmr/m/n/10 ) = [] \OML/cmm/m/it/10 Bin\OT1/cmr/m/n/10 (\OML/cmm/m/it/10 b[] 
\OMS/cmsy/m/n/10 j \OML/cmm/m/it/10 d[]; ^^^[]\OT1/cmr/m/n/10 ) [] \OML/cmm/m/i
t/10 Beta\OT1/cmr/m/n/10 (\OML/cmm/m/it/10 ^^^[] \OMS/cmsy/m/n/10 j \OML/cmm/m/
it/10 a \OT1/cmr/m/n/10 = 1\OML/cmm/m/it/10 ; b \OT1/cmr/m/n/10 = 1)[]\OML/cmm/
m/it/10 ^^^[]
 []


Overfull \hbox (32.04333pt too wide) detected at line 1257
\OML/cmm/m/it/10 p\OT1/cmr/m/n/10 (\OT1/cmr/bx/n/10 b[] \OMS/cmsy/m/n/10 j \OT1
/cmr/bx/n/10 d[]\OML/cmm/m/it/10 ^^R\OT1/cmr/m/n/10 ) = [][]
 []


Overfull \hbox (39.87308pt too wide) detected at line 1261
\OML/cmm/m/it/10 p\OT1/cmr/m/n/10 (\OT1/cmr/bx/n/10 b[] \OMS/cmsy/m/n/10 j \OT1
/cmr/bx/n/10 b[]\OML/cmm/m/it/10 ; \OT1/cmr/bx/n/10 d[]\OML/cmm/m/it/10 ; ^^R\O
T1/cmr/m/n/10 ) = [][]
 []

[51]
Overfull \hbox (24.67834pt too wide) detected at line 1280
\OML/cmm/m/it/10 p\OT1/cmr/m/n/10 (\OML/cmm/m/it/10 z[] \OT1/cmr/m/n/10 = \OML/
cmm/m/it/10 k \OMS/cmsy/m/n/10 j \OML/cmm/m/it/10 :::\OT1/cmr/m/n/10 ) \OMS/cms
y/m/n/10 / []
 []

<task6/figures/T_3_1/Q2/data_plot.png, id=322, 433.62pt x 289.08pt>
File: task6/figures/T_3_1/Q2/data_plot.png Graphic file (type png)

<use task6/figures/T_3_1/Q2/data_plot.png>
Package pdftex.def Info: task6/figures/T_3_1/Q2/data_plot.png used on input lin
e 1297.
(pdftex.def)             Requested size: 207.0021pt x 138.00253pt.
 [52]
<task6/figures/T_3_1/Q2/rand_index.png, id=326, 433.62pt x 289.08pt>
File: task6/figures/T_3_1/Q2/rand_index.png Graphic file (type png)

<use task6/figures/T_3_1/Q2/rand_index.png>
Package pdftex.def Info: task6/figures/T_3_1/Q2/rand_index.png used on input li
ne 1305.
(pdftex.def)             Requested size: 207.0021pt x 138.00253pt.

<task6/figures/T_3_1/Q2/mutual_information.png, id=327, 433.62pt x 289.08pt>
File: task6/figures/T_3_1/Q2/mutual_information.png Graphic file (type png)

<use task6/figures/T_3_1/Q2/mutual_information.png>
Package pdftex.def Info: task6/figures/T_3_1/Q2/mutual_information.png used on 
input line 1307.
(pdftex.def)             Requested size: 207.0021pt x 138.00253pt.

<task6/figures/T_3_1/Q2/sample_prob_0.png, id=328, 433.62pt x 289.08pt>
File: task6/figures/T_3_1/Q2/sample_prob_0.png Graphic file (type png)

<use task6/figures/T_3_1/Q2/sample_prob_0.png>
Package pdftex.def Info: task6/figures/T_3_1/Q2/sample_prob_0.png used on input
 line 1314.
(pdftex.def)             Requested size: 207.0021pt x 138.00253pt.

<task6/figures/T_3_1/Q2/sample_prob_18.png, id=329, 433.62pt x 289.08pt>
[53 <./task6/figures/T_3_1/Q2/data_plot.png> <./task6/figures/T_3_1/Q2/rand_ind
ex.png> <./task6/figures/T_3_1/Q2/mutual_information.png>]
File: task6/figures/T_3_1/Q2/sample_prob_18.png Graphic file (type png)

<use task6/figures/T_3_1/Q2/sample_prob_18.png>
Package pdftex.def Info: task6/figures/T_3_1/Q2/sample_prob_18.png used on inpu
t line 1316.
(pdftex.def)             Requested size: 207.0021pt x 138.00253pt.

<task6/figures/T_3_1/Q2/sample_prob_42.png, id=336, 433.62pt x 289.08pt>
File: task6/figures/T_3_1/Q2/sample_prob_42.png Graphic file (type png)

<use task6/figures/T_3_1/Q2/sample_prob_42.png>
Package pdftex.def Info: task6/figures/T_3_1/Q2/sample_prob_42.png used on inpu
t line 1318.
(pdftex.def)             Requested size: 207.0021pt x 138.00253pt.

<task6/figures/T_3_1/Q2/sample_prob_64.png, id=337, 433.62pt x 289.08pt>
File: task6/figures/T_3_1/Q2/sample_prob_64.png Graphic file (type png)

<use task6/figures/T_3_1/Q2/sample_prob_64.png>
Package pdftex.def Info: task6/figures/T_3_1/Q2/sample_prob_64.png used on inpu
t line 1320.
(pdftex.def)             Requested size: 207.0021pt x 138.00253pt.
 [54 <./task6/figures/T_3_1/Q2/sample_prob_0.png> <./task6/figures/T_3_1/Q2/sam
ple_prob_18.png> <./task6/figures/T_3_1/Q2/sample_prob_42.png>] [55 <./task6/fi
gures/T_3_1/Q2/sample_prob_64.png>]
Missing character: There is no ‚ in font cmr10!
Missing character: There is no Ä in font cmr10!
Missing character: There is no ú in font cmr10!
Missing character: There is no ‚ in font cmr10!
Missing character: There is no Ä in font cmr10!
Missing character: There is no ù in font cmr10!
Missing character: There is no ‚ in font cmr10!
Missing character: There is no Ä in font cmr10!
Missing character: There is no ú in font cmr10!
Missing character: There is no ‚ in font cmr10!
Missing character: There is no Ä in font cmr10!
Missing character: There is no ù in font cmr10!
 [56] [57]
Underfull \hbox (badness 10000) in paragraph at lines 1405--1407

 []


<task7/output_initial_alpha10_sigma05_N10.jpeg, id=355, 614.295pt x 614.295pt>
File: task7/output_initial_alpha10_sigma05_N10.jpeg Graphic file (type jpg)

<use task7/output_initial_alpha10_sigma05_N10.jpeg>
Package pdftex.def Info: task7/output_initial_alpha10_sigma05_N10.jpeg used on 
input line 1408.
(pdftex.def)             Requested size: 227.62204pt x 227.62303pt.

Underfull \hbox (badness 10000) in paragraph at lines 1410--1412

 []

<task7/output_final_alpha10_sigma05_N10.jpeg, id=356, 614.295pt x 614.295pt>
File: task7/output_final_alpha10_sigma05_N10.jpeg Graphic file (type jpg)

<use task7/output_final_alpha10_sigma05_N10.jpeg>
Package pdftex.def Info: task7/output_final_alpha10_sigma05_N10.jpeg used on in
put line 1413.
(pdftex.def)             Requested size: 256.0748pt x 256.07121pt.
 [58 <./task7/output_initial_alpha10_sigma05_N10.jpeg>]
<task7/output_initial_alpha10_sigma05_N20.jpeg, id=360, 614.295pt x 614.295pt>
File: task7/output_initial_alpha10_sigma05_N20.jpeg Graphic file (type jpg)

<use task7/output_initial_alpha10_sigma05_N20.jpeg>
Package pdftex.def Info: task7/output_initial_alpha10_sigma05_N20.jpeg used on 
input line 1423.
(pdftex.def)             Requested size: 137.9979pt x 137.99481pt.

<task7/output_final_alpha10_sigma05_N20.jpeg, id=361, 614.295pt x 614.295pt>
File: task7/output_final_alpha10_sigma05_N20.jpeg Graphic file (type jpg)

<use task7/output_final_alpha10_sigma05_N20.jpeg>
Package pdftex.def Info: task7/output_final_alpha10_sigma05_N20.jpeg used on in
put line 1424.
(pdftex.def)             Requested size: 137.9979pt x 137.99481pt.
 [59 <./task7/output_final_alpha10_sigma05_N10.jpeg> <./task7/output_initial_al
pha10_sigma05_N20.jpeg> <./task7/output_final_alpha10_sigma05_N20.jpeg>]
<task7/output_initial_alpha5_sigma05_N15.jpeg, id=365, 614.295pt x 614.295pt>
File: task7/output_initial_alpha5_sigma05_N15.jpeg Graphic file (type jpg)

<use task7/output_initial_alpha5_sigma05_N15.jpeg>
Package pdftex.def Info: task7/output_initial_alpha5_sigma05_N15.jpeg used on i
nput line 1432.
(pdftex.def)             Requested size: 137.9979pt x 137.99481pt.

<task7/output_final_alpha5_sigma05_N15.jpeg, id=366, 614.295pt x 614.295pt>
File: task7/output_final_alpha5_sigma05_N15.jpeg Graphic file (type jpg)

<use task7/output_final_alpha5_sigma05_N15.jpeg>
Package pdftex.def Info: task7/output_final_alpha5_sigma05_N15.jpeg used on inp
ut line 1433.
(pdftex.def)             Requested size: 137.9979pt x 137.99481pt.

<task7/output_initial_alpha15_sigma05_N15.jpeg, id=367, 614.295pt x 614.295pt>
File: task7/output_initial_alpha15_sigma05_N15.jpeg Graphic file (type jpg)

<use task7/output_initial_alpha15_sigma05_N15.jpeg>
Package pdftex.def Info: task7/output_initial_alpha15_sigma05_N15.jpeg used on 
input line 1439.
(pdftex.def)             Requested size: 137.9979pt x 137.99481pt.

<task7/output_final_alpha15_sigma05_N15.jpeg, id=368, 614.295pt x 614.295pt>
File: task7/output_final_alpha15_sigma05_N15.jpeg Graphic file (type jpg)

<use task7/output_final_alpha15_sigma05_N15.jpeg>
Package pdftex.def Info: task7/output_final_alpha15_sigma05_N15.jpeg used on in
put line 1440.
(pdftex.def)             Requested size: 137.9979pt x 137.99481pt.
 [60 <./task7/output_initial_alpha5_sigma05_N15.jpeg> <./task7/output_final_alp
ha5_sigma05_N15.jpeg> <./task7/output_initial_alpha15_sigma05_N15.jpeg> <./task
7/output_final_alpha15_sigma05_N15.jpeg>] (./Report_Assignment2.aux) ) 
Here is how much of TeX's memory you used:
 3720 strings out of 494953
 65613 string characters out of 6180976
 114519 words of memory out of 5000000
 6893 multiletter control sequences out of 15000+600000
 9988 words of font info for 36 fonts, out of 8000000 for 9000
 14 hyphenation exceptions out of 8191
 38i,12n,39p,700b,325s stack positions out of 5000i,500n,10000p,200000b,80000s
</usr/sha
re/texlive/texmf-dist/fonts/type1/public/amsfonts/cm/cmbx10.pfb></usr/share/tex
live/texmf-dist/fonts/type1/public/amsfonts/cm/cmbx12.pfb></usr/share/texlive/t
exmf-dist/fonts/type1/public/amsfonts/cm/cmbx7.pfb></usr/share/texlive/texmf-di
st/fonts/type1/public/amsfonts/cm/cmex10.pfb></usr/share/texlive/texmf-dist/fon
ts/type1/public/amsfonts/cmextra/cmex7.pfb></usr/share/texlive/texmf-dist/fonts
/type1/public/amsfonts/cm/cmmi10.pfb></usr/share/texlive/texmf-dist/fonts/type1
/public/amsfonts/cm/cmmi5.pfb></usr/share/texlive/texmf-dist/fonts/type1/public
/amsfonts/cm/cmmi7.pfb></usr/share/texlive/texmf-dist/fonts/type1/public/amsfon
ts/cm/cmr10.pfb></usr/share/texlive/texmf-dist/fonts/type1/public/amsfonts/cm/c
mr12.pfb></usr/share/texlive/texmf-dist/fonts/type1/public/amsfonts/cm/cmr17.pf
b></usr/share/texlive/texmf-dist/fonts/type1/public/amsfonts/cm/cmr5.pfb></usr/
share/texlive/texmf-dist/fonts/type1/public/amsfonts/cm/cmr7.pfb></usr/share/te
xlive/texmf-dist/fonts/type1/public/amsfonts/cm/cmsy10.pfb></usr/share/texlive/
texmf-dist/fonts/type1/public/amsfonts/cm/cmsy5.pfb></usr/share/texlive/texmf-d
ist/fonts/type1/public/amsfonts/cm/cmsy7.pfb></usr/share/texlive/texmf-dist/fon
ts/type1/public/amsfonts/cm/cmti10.pfb>
Output written on Report_Assignment2.pdf (60 pages, 8256344 bytes).
PDF statistics:
 428 PDF objects out of 1000 (max. 8388607)
 186 compressed objects within 2 object streams
 0 named destinations out of 1000 (max. 500000)
 461 words of extra memory for PDF output out of 10000 (max. 10000000)

